Using pre-set license
Built from '2021.3/staging' branch; Version is '2021.3.22f1 (b6c551784ba3) revision 11978065'; Using compiler version '192829333'; Build Type 'Release'
OS: 'Windows 10  (10.0.19045) 64bit Professional' Language: 'tr' Physical Memory: 16272 MB
BatchMode: 1, IsHumanControllingUs: 0, StartBugReporterOnCrash: 0, Is64bit: 1, IsPro: 1

COMMAND LINE ARGUMENTS:
C:\Program Files\Unity 2021.3.22f1\Editor\Unity.exe
-adb2
-batchMode
-noUpm
-name
AssetImportWorker0
-projectPath
C:/Users/Zeynep/Documents/GitHub/OUA_Bootcamp_U-24/Assets
-logFile
Logs/AssetImportWorker0.log
-srvPort
57492
Successfully changed project path to: C:/Users/Zeynep/Documents/GitHub/OUA_Bootcamp_U-24/Assets
C:/Users/Zeynep/Documents/GitHub/OUA_Bootcamp_U-24/Assets
[UnityMemory] Configuration Parameters - Can be set up in boot.config
    "memorysetup-bucket-allocator-granularity=16"
    "memorysetup-bucket-allocator-bucket-count=8"
    "memorysetup-bucket-allocator-block-size=33554432"
    "memorysetup-bucket-allocator-block-count=8"
    "memorysetup-main-allocator-block-size=16777216"
    "memorysetup-thread-allocator-block-size=16777216"
    "memorysetup-gfx-main-allocator-block-size=16777216"
    "memorysetup-gfx-thread-allocator-block-size=16777216"
    "memorysetup-cache-allocator-block-size=4194304"
    "memorysetup-typetree-allocator-block-size=2097152"
    "memorysetup-profiler-bucket-allocator-granularity=16"
    "memorysetup-profiler-bucket-allocator-bucket-count=8"
    "memorysetup-profiler-bucket-allocator-block-size=33554432"
    "memorysetup-profiler-bucket-allocator-block-count=8"
    "memorysetup-profiler-allocator-block-size=16777216"
    "memorysetup-profiler-editor-allocator-block-size=1048576"
    "memorysetup-temp-allocator-size-main=16777216"
    "memorysetup-job-temp-allocator-block-size=2097152"
    "memorysetup-job-temp-allocator-block-size-background=1048576"
    "memorysetup-job-temp-allocator-reduction-small-platforms=262144"
    "memorysetup-temp-allocator-size-background-worker=32768"
    "memorysetup-temp-allocator-size-job-worker=262144"
    "memorysetup-temp-allocator-size-preload-manager=33554432"
    "memorysetup-temp-allocator-size-nav-mesh-worker=65536"
    "memorysetup-temp-allocator-size-audio-worker=65536"
    "memorysetup-temp-allocator-size-cloud-worker=32768"
    "memorysetup-temp-allocator-size-gi-baking-worker=262144"
    "memorysetup-temp-allocator-size-gfx=262144"
Player connection [7404] Host "[IP] 192.168.1.50 [Port] 0 [Flags] 2 [Guid] 174437140 [EditorId] 174437140 [Version] 1048832 [Id] WindowsEditor(7,DESKTOP-G04BPU3) [Debug] 1 [PackageName] WindowsEditor [ProjectName] Editor" joined multi-casting on [225.0.0.222:54997]...

Player connection [7404] Host "[IP] 192.168.1.50 [Port] 0 [Flags] 2 [Guid] 174437140 [EditorId] 174437140 [Version] 1048832 [Id] WindowsEditor(7,DESKTOP-G04BPU3) [Debug] 1 [PackageName] WindowsEditor [ProjectName] Editor" joined alternative multi-casting on [225.0.0.222:34997]...

Refreshing native plugins compatible for Editor in 92.75 ms, found 3 plugins.
Preloading 0 native plugins for Editor in 0.00 ms.
Initialize engine version: 2021.3.22f1 (b6c551784ba3)
[Subsystems] Discovering subsystems at path C:/Program Files/Unity 2021.3.22f1/Editor/Data/Resources/UnitySubsystems
[Subsystems] Discovering subsystems at path C:/Users/Zeynep/Documents/GitHub/OUA_Bootcamp_U-24/Assets/Assets
GfxDevice: creating device client; threaded=0; jobified=0
Direct3D:
    Version:  Direct3D 11.0 [level 11.1]
    Renderer: NVIDIA GeForce GTX 1050 Ti (ID=0x1c8c)
    Vendor:   NVIDIA
    VRAM:     4029 MB
    Driver:   23.21.13.8792
Initialize mono
Mono path[0] = 'C:/Program Files/Unity 2021.3.22f1/Editor/Data/Managed'
Mono path[1] = 'C:/Program Files/Unity 2021.3.22f1/Editor/Data/MonoBleedingEdge/lib/mono/unityjit-win32'
Mono config path = 'C:/Program Files/Unity 2021.3.22f1/Editor/Data/MonoBleedingEdge/etc'
Using monoOptions --debugger-agent=transport=dt_socket,embedding=1,server=y,suspend=n,address=127.0.0.1:56912
Begin MonoManager ReloadAssembly
Registering precompiled unity dll's ...
Register platform support module: C:/Program Files/Unity 2021.3.22f1/Editor/Data/PlaybackEngines/WindowsStandaloneSupport/UnityEditor.WindowsStandalone.Extensions.dll
Registered in 0.007504 seconds.
Native extension for WindowsStandalone target not found
Refreshing native plugins compatible for Editor in 95.88 ms, found 3 plugins.
Preloading 0 native plugins for Editor in 0.00 ms.
Mono: successfully reloaded assembly
- Completed reload, in  0.928 seconds
Domain Reload Profiling:
	ReloadAssembly (930ms)
		BeginReloadAssembly (130ms)
			ExecutionOrderSort (0ms)
			DisableScriptedObjects (0ms)
			BackupInstance (0ms)
			ReleaseScriptingObjects (0ms)
			CreateAndSetChildDomain (1ms)
		EndReloadAssembly (655ms)
			LoadAssemblies (128ms)
			RebuildTransferFunctionScriptingTraits (0ms)
			SetupTypeCache (187ms)
			ReleaseScriptCaches (0ms)
			RebuildScriptCaches (40ms)
			SetupLoadedEditorAssemblies (351ms)
				LogAssemblyErrors (0ms)
				InitializePlatformSupportModulesInManaged (11ms)
				SetLoadedEditorAssemblies (0ms)
				RefreshPlugins (96ms)
				BeforeProcessingInitializeOnLoad (2ms)
				ProcessInitializeOnLoadAttributes (179ms)
				ProcessInitializeOnLoadMethodAttributes (63ms)
				AfterProcessingInitializeOnLoad (0ms)
				EditorAssembliesLoaded (0ms)
			ExecutionOrderSort2 (0ms)
			AwakeInstancesAfterBackupRestoration (0ms)
Platform modules already initialized, skipping
Registering precompiled user dll's ...
Registered in 0.008482 seconds.
Begin MonoManager ReloadAssembly
Native extension for WindowsStandalone target not found
Refreshing native plugins compatible for Editor in 0.68 ms, found 3 plugins.
Preloading 0 native plugins for Editor in 0.00 ms.
Mono: successfully reloaded assembly
- Completed reload, in  1.349 seconds
Domain Reload Profiling:
	ReloadAssembly (1350ms)
		BeginReloadAssembly (188ms)
			ExecutionOrderSort (0ms)
			DisableScriptedObjects (7ms)
			BackupInstance (0ms)
			ReleaseScriptingObjects (0ms)
			CreateAndSetChildDomain (30ms)
		EndReloadAssembly (1019ms)
			LoadAssemblies (140ms)
			RebuildTransferFunctionScriptingTraits (0ms)
			SetupTypeCache (332ms)
			ReleaseScriptCaches (1ms)
			RebuildScriptCaches (69ms)
			SetupLoadedEditorAssemblies (454ms)
				LogAssemblyErrors (0ms)
				InitializePlatformSupportModulesInManaged (6ms)
				SetLoadedEditorAssemblies (1ms)
				RefreshPlugins (1ms)
				BeforeProcessingInitializeOnLoad (104ms)
				ProcessInitializeOnLoadAttributes (304ms)
				ProcessInitializeOnLoadMethodAttributes (25ms)
				AfterProcessingInitializeOnLoad (12ms)
				EditorAssembliesLoaded (0ms)
			ExecutionOrderSort2 (0ms)
			AwakeInstancesAfterBackupRestoration (8ms)
Platform modules already initialized, skipping
========================================================================
Worker process is ready to serve import requests
Launched and connected shader compiler UnityShaderCompiler.exe after 0.09 seconds
Refreshing native plugins compatible for Editor in 0.70 ms, found 3 plugins.
Preloading 0 native plugins for Editor in 0.00 ms.
Unloading 2918 Unused Serialized files (Serialized files now loaded: 0)
Unloading 21 unused Assets / (56.0 KB). Loaded Objects now: 3381.
Memory consumption went from 102.8 MB to 102.8 MB.
Total: 4.673900 ms (FindLiveObjects: 0.640400 ms CreateObjectMapping: 0.431400 ms MarkObjects: 3.499700 ms  DeleteObjects: 0.100900 ms)

AssetImportParameters requested are different than current active one (requested -> active):
  custom:video-decoder-ogg-theora: a1e56fd34408186e4bbccfd4996cb3dc -> 
  custom:container-muxer-webm: aa71ff27fc2769a1b78a27578f13a17b -> 
  custom:container-demuxer-webm: 4f35f7cbe854078d1ac9338744f61a02 -> 
  custom:video-encoder-webm-vp8: eb34c28f22e8b96e1ab97ce403110664 -> 
  custom:video-codec-MediaFoundation-h265: 746d11721c4dcdbdad8f713fa42b33f4 -> 
  custom:audio-encoder-webm-vorbis: bf7c407c2cedff20999df2af8eb42d56 -> 
  custom:framework-win-MediaFoundation: 216162199b28c13a410421893ffa2e32 -> 
  custom:container-demuxer-ogg: 62fdf1f143b41e24485cea50d1cbac27 -> 
  custom:video-decoder-webm-vp8: 9c59270c3fd7afecdb556c50c9e8de78 -> 
  custom:audio-decoder-ogg-vorbis: bf7c407c2cedff20999df2af8eb42d56 -> 
========================================================================
Received Import Request.
  Time since last request: 52364.266585 seconds.
  path: Assets/kronos-stone-age-fbx-v1/tree-3.fbx
  artifactKey: Guid(56559e39951a17d489a570a1586ea57e) Importer(815301076,1909f56bfc062723c751e8b465ee728b)
Start importing Assets/kronos-stone-age-fbx-v1/tree-3.fbx using Guid(56559e39951a17d489a570a1586ea57e) Importer(815301076,1909f56bfc062723c751e8b465ee728b)  -> (artifact id: 'ddd243d65ba558b474672fc568979317') in 0.527381 seconds 
========================================================================
Received Import Request.
  Time since last request: 0.000040 seconds.
  path: Assets/kronos-stone-age-fbx-v1/knife.fbx
  artifactKey: Guid(0b992f1ad7965aa429f09e62082a6483) Importer(815301076,1909f56bfc062723c751e8b465ee728b)
Start importing Assets/kronos-stone-age-fbx-v1/knife.fbx using Guid(0b992f1ad7965aa429f09e62082a6483) Importer(815301076,1909f56bfc062723c751e8b465ee728b)  -> (artifact id: 'affe7deb94b0cf77199b30b5d50c01f2') in 0.061908 seconds 
========================================================================
Received Import Request.
  Time since last request: 0.000035 seconds.
  path: Assets/kronos-stone-age-fbx-v1/ground-tile-3.fbx
  artifactKey: Guid(6c39a9e76912be34b87a4ffabd7dac23) Importer(815301076,1909f56bfc062723c751e8b465ee728b)
Start importing Assets/kronos-stone-age-fbx-v1/ground-tile-3.fbx using Guid(6c39a9e76912be34b87a4ffabd7dac23) Importer(815301076,1909f56bfc062723c751e8b465ee728b)  -> (artifact id: '9001bd87147d721ebb29222c77105b61') in 0.034388 seconds 
========================================================================
Received Import Request.
  Time since last request: 0.000022 seconds.
  path: Assets/kronos-stone-age-fbx-v1/stone-for-campfire.fbx
  artifactKey: Guid(59d8d115370abe94bb245d9df9b2c31c) Importer(815301076,1909f56bfc062723c751e8b465ee728b)
Start importing Assets/kronos-stone-age-fbx-v1/stone-for-campfire.fbx using Guid(59d8d115370abe94bb245d9df9b2c31c) Importer(815301076,1909f56bfc062723c751e8b465ee728b)  -> (artifact id: '8c8c6564073396e61518c77f91ec41fe') in 0.035727 seconds 
========================================================================
Received Import Request.
  Time since last request: 0.000025 seconds.
  path: Assets/kronos-stone-age-fbx-v1/stonehenge-3.fbx
  artifactKey: Guid(b84eead739383884684afa0297985fdf) Importer(815301076,1909f56bfc062723c751e8b465ee728b)
Start importing Assets/kronos-stone-age-fbx-v1/stonehenge-3.fbx using Guid(b84eead739383884684afa0297985fdf) Importer(815301076,1909f56bfc062723c751e8b465ee728b)  -> (artifact id: 'df3a86ef157f432b33f423e552264f3a') in 0.032317 seconds 
========================================================================
Received Import Request.
  Time since last request: 0.000036 seconds.
  path: Assets/kronos-stone-age-fbx-v1/axe.fbx
  artifactKey: Guid(02435054ffc5b12468883a067676bfef) Importer(815301076,1909f56bfc062723c751e8b465ee728b)
Start importing Assets/kronos-stone-age-fbx-v1/axe.fbx using Guid(02435054ffc5b12468883a067676bfef) Importer(815301076,1909f56bfc062723c751e8b465ee728b)  -> (artifact id: '745c5cefdece30865708d0afab5892cd') in 0.111731 seconds 
========================================================================
Received Import Request.
  Time since last request: 0.000035 seconds.
  path: Assets/kronos-stone-age-fbx-v1/bush-3.fbx
  artifactKey: Guid(5c3034a745989564690c5e1a2e93e68d) Importer(815301076,1909f56bfc062723c751e8b465ee728b)
Start importing Assets/kronos-stone-age-fbx-v1/bush-3.fbx using Guid(5c3034a745989564690c5e1a2e93e68d) Importer(815301076,1909f56bfc062723c751e8b465ee728b)  -> (artifact id: '136a76c0bfcfdea13ae41342bb869e75') in 0.025336 seconds 
========================================================================
Received Import Request.
  Time since last request: 0.000031 seconds.
  path: Assets/kronos-stone-age-fbx-v1/portal.fbx
  artifactKey: Guid(1c9f35d7912040347bbd3a583138e9a0) Importer(815301076,1909f56bfc062723c751e8b465ee728b)
Start importing Assets/kronos-stone-age-fbx-v1/portal.fbx using Guid(1c9f35d7912040347bbd3a583138e9a0) Importer(815301076,1909f56bfc062723c751e8b465ee728b)  -> (artifact id: 'a7d51a0ec3192e057f3b925e7eed591d') in 0.360704 seconds 
========================================================================
Received Import Request.
  Time since last request: 0.000036 seconds.
  path: Assets/kronos-stone-age-fbx-v1/water.fbx
  artifactKey: Guid(222a019330f3526409053d464b009a82) Importer(815301076,1909f56bfc062723c751e8b465ee728b)
Start importing Assets/kronos-stone-age-fbx-v1/water.fbx using Guid(222a019330f3526409053d464b009a82) Importer(815301076,1909f56bfc062723c751e8b465ee728b)  -> (artifact id: '74cd4f50d250b888cc6db8c28bd42ceb') in 0.067925 seconds 
========================================================================
Received Import Request.
  Time since last request: 0.000056 seconds.
  path: Assets/kronos-stone-age-fbx-v1/ground-tile-1.fbx
  artifactKey: Guid(e5a2ed5c008536d499a487ab953ef73e) Importer(815301076,1909f56bfc062723c751e8b465ee728b)
Start importing Assets/kronos-stone-age-fbx-v1/ground-tile-1.fbx using Guid(e5a2ed5c008536d499a487ab953ef73e) Importer(815301076,1909f56bfc062723c751e8b465ee728b)  -> (artifact id: '283a909e91e4d6686c5408481b363b85') in 0.033379 seconds 
========================================================================
Received Import Request.
  Time since last request: 0.000076 seconds.
  path: Assets/kronos-stone-age-fbx-v1/tree-4.fbx
  artifactKey: Guid(2581db7fe93e7c74ab8d5b0c1ad13c29) Importer(815301076,1909f56bfc062723c751e8b465ee728b)
Start importing Assets/kronos-stone-age-fbx-v1/tree-4.fbx using Guid(2581db7fe93e7c74ab8d5b0c1ad13c29) Importer(815301076,1909f56bfc062723c751e8b465ee728b)  -> (artifact id: 'bab98bcf476a24b7d7ec4204c476d14b') in 0.043514 seconds 
========================================================================
Received Import Request.
  Time since last request: 0.000020 seconds.
  path: Assets/kronos-stone-age-fbx-v1/stone-ground-rock3.fbx
  artifactKey: Guid(69b7df10c46234c4891663cecb1dfba3) Importer(815301076,1909f56bfc062723c751e8b465ee728b)
Start importing Assets/kronos-stone-age-fbx-v1/stone-ground-rock3.fbx using Guid(69b7df10c46234c4891663cecb1dfba3) Importer(815301076,1909f56bfc062723c751e8b465ee728b)  -> (artifact id: '6b423e0bc8e6121b24c7caa287604e23') in 0.034692 seconds 
========================================================================
Received Import Request.
  Time since last request: 0.000030 seconds.
  path: Assets/kronos-stone-age-fbx-v1/spear.fbx
  artifactKey: Guid(691c876bb24041142a99460b510fab26) Importer(815301076,1909f56bfc062723c751e8b465ee728b)
Start importing Assets/kronos-stone-age-fbx-v1/spear.fbx using Guid(691c876bb24041142a99460b510fab26) Importer(815301076,1909f56bfc062723c751e8b465ee728b)  -> (artifact id: 'a80c47a29f9a21bdcbfe309dce258b37') in 0.151697 seconds 
========================================================================
Received Import Request.
  Time since last request: 0.000053 seconds.
  path: Assets/kronos-stone-age-fbx-v1/bush-2.fbx
  artifactKey: Guid(20c755d34deccf049a963d70167742c8) Importer(815301076,1909f56bfc062723c751e8b465ee728b)
Start importing Assets/kronos-stone-age-fbx-v1/bush-2.fbx using Guid(20c755d34deccf049a963d70167742c8) Importer(815301076,1909f56bfc062723c751e8b465ee728b)  -> (artifact id: 'bbd9d2b16ef9a7e867f2bd18a8007b87') in 0.038863 seconds 
========================================================================
Received Import Request.
  Time since last request: 0.000032 seconds.
  path: Assets/kronos-stone-age-fbx-v1/mountain2.fbx
  artifactKey: Guid(f9a65f06384743647b31f6cf5436186b) Importer(815301076,1909f56bfc062723c751e8b465ee728b)
Start importing Assets/kronos-stone-age-fbx-v1/mountain2.fbx using Guid(f9a65f06384743647b31f6cf5436186b) Importer(815301076,1909f56bfc062723c751e8b465ee728b)  -> (artifact id: '13645859fea1268c907b97378616429e') in 0.045787 seconds 
========================================================================
Received Import Request.
  Time since last request: 0.000056 seconds.
  path: Assets/kronos-stone-age-fbx-v1/mountain3.fbx
  artifactKey: Guid(9fd98ccc9ce48ba42ac32dfca5c56df8) Importer(815301076,1909f56bfc062723c751e8b465ee728b)
Start importing Assets/kronos-stone-age-fbx-v1/mountain3.fbx using Guid(9fd98ccc9ce48ba42ac32dfca5c56df8) Importer(815301076,1909f56bfc062723c751e8b465ee728b)  -> (artifact id: '31a8a46a022ae1828bc46d4d43d63aed') in 0.033902 seconds 
========================================================================
Received Import Request.
  Time since last request: 0.000049 seconds.
  path: Assets/kronos-stone-age-fbx-v1/cow-head.fbx
  artifactKey: Guid(0f982bf65f2aac74daeded64ae3d8882) Importer(815301076,1909f56bfc062723c751e8b465ee728b)
Start importing Assets/kronos-stone-age-fbx-v1/cow-head.fbx using Guid(0f982bf65f2aac74daeded64ae3d8882) Importer(815301076,1909f56bfc062723c751e8b465ee728b)  -> (artifact id: '1a92230b14bb6c36405bda2ea0acbbc1') in 0.031596 seconds 
========================================================================
Received Import Request.
  Time since last request: 0.000044 seconds.
  path: Assets/kronos-stone-age-fbx-v1/stone-ground-rock2.fbx
  artifactKey: Guid(1b90b63ee7b98e245b2efb8818012c24) Importer(815301076,1909f56bfc062723c751e8b465ee728b)
Start importing Assets/kronos-stone-age-fbx-v1/stone-ground-rock2.fbx using Guid(1b90b63ee7b98e245b2efb8818012c24) Importer(815301076,1909f56bfc062723c751e8b465ee728b)  -> (artifact id: 'b20b19e478a98b942d9a702572927be5') in 0.024632 seconds 
========================================================================
Received Import Request.
  Time since last request: 0.000022 seconds.
  path: Assets/kronos-stone-age-fbx-v1/stonehenge-1.fbx
  artifactKey: Guid(a728c87465000294f8db1b64157bb28c) Importer(815301076,1909f56bfc062723c751e8b465ee728b)
Start importing Assets/kronos-stone-age-fbx-v1/stonehenge-1.fbx using Guid(a728c87465000294f8db1b64157bb28c) Importer(815301076,1909f56bfc062723c751e8b465ee728b)  -> (artifact id: 'f4d39c393ab5f665a5325802e85ccce2') in 0.062631 seconds 
========================================================================
Received Import Request.
  Time since last request: 0.312636 seconds.
  path: Assets/Müze/kronos-museum-fbx
  artifactKey: Guid(f05eb6b2b2b7f88469210b90687e7fdb) Importer(815301076,1909f56bfc062723c751e8b465ee728b)
Start importing Assets/Müze/kronos-museum-fbx using Guid(f05eb6b2b2b7f88469210b90687e7fdb) Importer(815301076,1909f56bfc062723c751e8b465ee728b)  -> (artifact id: '857f0d35ee9fde304288e52572f1e4f9') in 0.015000 seconds 
========================================================================
Received Import Request.
  Time since last request: 0.221164 seconds.
  path: Assets/Müze/kronos-museum-fbx/barrier.fbx
  artifactKey: Guid(95ab66bc3b8e8724d91251ec93a9a93f) Importer(815301076,1909f56bfc062723c751e8b465ee728b)
Start importing Assets/Müze/kronos-museum-fbx/barrier.fbx using Guid(95ab66bc3b8e8724d91251ec93a9a93f) Importer(815301076,1909f56bfc062723c751e8b465ee728b)  -> (artifact id: '597a78b1948c63961b2c4439abf62742') in 0.038468 seconds 
========================================================================
Received Import Request.
  Time since last request: 0.000058 seconds.
  path: Assets/Müze/kronos-museum-fbx/tablo5.fbx
  artifactKey: Guid(7e38fb63d94256b4eb78f936db15478d) Importer(815301076,1909f56bfc062723c751e8b465ee728b)
Start importing Assets/Müze/kronos-museum-fbx/tablo5.fbx using Guid(7e38fb63d94256b4eb78f936db15478d) Importer(815301076,1909f56bfc062723c751e8b465ee728b)  -> (artifact id: '8244d4e79f0b888f3e65bbd7cc26a58e') in 0.052047 seconds 
========================================================================
Received Import Request.
  Time since last request: 0.000053 seconds.
  path: Assets/Müze/kronos-museum-fbx/item-stand1.fbx
  artifactKey: Guid(3e35b35eac784054a83caf04338d25af) Importer(815301076,1909f56bfc062723c751e8b465ee728b)
Start importing Assets/Müze/kronos-museum-fbx/item-stand1.fbx using Guid(3e35b35eac784054a83caf04338d25af) Importer(815301076,1909f56bfc062723c751e8b465ee728b)  -> (artifact id: 'ed16f1ad937872917613d9685e5efc17') in 0.041861 seconds 
========================================================================
Received Import Request.
  Time since last request: 0.000044 seconds.
  path: Assets/Müze/kronos-museum-fbx/item-stand5.fbx
  artifactKey: Guid(3bd0aafe796d2144999bb715c684bbf4) Importer(815301076,1909f56bfc062723c751e8b465ee728b)
Start importing Assets/Müze/kronos-museum-fbx/item-stand5.fbx using Guid(3bd0aafe796d2144999bb715c684bbf4) Importer(815301076,1909f56bfc062723c751e8b465ee728b)  -> (artifact id: '95947fcfb7fcf228694fe7f7c538b904') in 0.040854 seconds 
========================================================================
Received Import Request.
  Time since last request: 0.000027 seconds.
  path: Assets/Müze/kronos-museum-fbx/lamba-2.fbx
  artifactKey: Guid(f330c281e63429047909aee8b4ac98de) Importer(815301076,1909f56bfc062723c751e8b465ee728b)
Start importing Assets/Müze/kronos-museum-fbx/lamba-2.fbx using Guid(f330c281e63429047909aee8b4ac98de) Importer(815301076,1909f56bfc062723c751e8b465ee728b)  -> (artifact id: '1c4a4b9d668cd052441138092d333f14') in 0.048420 seconds 
========================================================================
Received Import Request.
  Time since last request: 0.000041 seconds.
  path: Assets/Müze/kronos-museum-fbx/item-stand11.fbx
  artifactKey: Guid(dfc8d583a01fb464ab46b266ba73d85d) Importer(815301076,1909f56bfc062723c751e8b465ee728b)
Start importing Assets/Müze/kronos-museum-fbx/item-stand11.fbx using Guid(dfc8d583a01fb464ab46b266ba73d85d) Importer(815301076,1909f56bfc062723c751e8b465ee728b)  -> (artifact id: 'f3af2021a3afaed2da27a531b0ba2b54') in 0.049212 seconds 
========================================================================
Received Import Request.
  Time since last request: 0.000051 seconds.
  path: Assets/Müze/kronos-museum-fbx/item-stand4.fbx
  artifactKey: Guid(daba45559d9c01f4691fe7b08d3279d4) Importer(815301076,1909f56bfc062723c751e8b465ee728b)
Start importing Assets/Müze/kronos-museum-fbx/item-stand4.fbx using Guid(daba45559d9c01f4691fe7b08d3279d4) Importer(815301076,1909f56bfc062723c751e8b465ee728b)  -> (artifact id: 'c218ac62608bbf0d77ffed87350fc357') in 0.038298 seconds 
========================================================================
Received Import Request.
  Time since last request: 0.000027 seconds.
  path: Assets/Müze/kronos-museum-fbx/item-stand9.fbx
  artifactKey: Guid(ca40540a511f4f24ebd54a93ee5f849f) Importer(815301076,1909f56bfc062723c751e8b465ee728b)
Start importing Assets/Müze/kronos-museum-fbx/item-stand9.fbx using Guid(ca40540a511f4f24ebd54a93ee5f849f) Importer(815301076,1909f56bfc062723c751e8b465ee728b)  -> (artifact id: 'bebda0c8d3a2c72c5c69f6445bc5c75e') in 0.041029 seconds 
========================================================================
Received Import Request.
  Time since last request: 0.000037 seconds.
  path: Assets/Müze/kronos-museum-fbx/item-stand10.fbx
  artifactKey: Guid(323f4662687391a4783085c93794cd5d) Importer(815301076,1909f56bfc062723c751e8b465ee728b)
Start importing Assets/Müze/kronos-museum-fbx/item-stand10.fbx using Guid(323f4662687391a4783085c93794cd5d) Importer(815301076,1909f56bfc062723c751e8b465ee728b)  -> (artifact id: 'ac119cca51cca83124e56e74f29dba41') in 0.040191 seconds 
========================================================================
Received Import Request.
  Time since last request: 0.000020 seconds.
  path: Assets/Müze/kronos-museum-fbx/door.fbx
  artifactKey: Guid(de3718084cc82ee47800c7ebefd2d66c) Importer(815301076,1909f56bfc062723c751e8b465ee728b)
Start importing Assets/Müze/kronos-museum-fbx/door.fbx using Guid(de3718084cc82ee47800c7ebefd2d66c) Importer(815301076,1909f56bfc062723c751e8b465ee728b)  -> (artifact id: 'eecfdd4c4562b585e863ce8b8a811362') in 0.061039 seconds 
========================================================================
Received Import Request.
  Time since last request: 0.000023 seconds.
  path: Assets/Müze/kronos-museum-fbx/tablo7.fbx
  artifactKey: Guid(bc785aef296dfbe4dbd8552c728c32ed) Importer(815301076,1909f56bfc062723c751e8b465ee728b)
Start importing Assets/Müze/kronos-museum-fbx/tablo7.fbx using Guid(bc785aef296dfbe4dbd8552c728c32ed) Importer(815301076,1909f56bfc062723c751e8b465ee728b)  -> (artifact id: 'c6c71be6ea2d5a4140fb4ff8db1bca79') in 0.050613 seconds 
========================================================================
Received Import Request.
  Time since last request: 0.000032 seconds.
  path: Assets/Müze/kronos-museum-fbx/item-stand8.fbx
  artifactKey: Guid(0e57e32a04f40be469b4170263dbb9e2) Importer(815301076,1909f56bfc062723c751e8b465ee728b)
Start importing Assets/Müze/kronos-museum-fbx/item-stand8.fbx using Guid(0e57e32a04f40be469b4170263dbb9e2) Importer(815301076,1909f56bfc062723c751e8b465ee728b)  -> (artifact id: '693b2ffba592d0469e57609a5466ee57') in 0.044096 seconds 
========================================================================
Received Import Request.
  Time since last request: 0.000046 seconds.
  path: Assets/Müze/kronos-museum-fbx/plant2.fbx
  artifactKey: Guid(4d23125de407ca944bab9272960adc20) Importer(815301076,1909f56bfc062723c751e8b465ee728b)
Start importing Assets/Müze/kronos-museum-fbx/plant2.fbx using Guid(4d23125de407ca944bab9272960adc20) Importer(815301076,1909f56bfc062723c751e8b465ee728b)  -> (artifact id: '258960a3be6ff0c1d2d1f4de4b8037ca') in 0.077582 seconds 
========================================================================
Received Import Request.
  Time since last request: 0.000060 seconds.
  path: Assets/Müze/kronos-museum-fbx/Door(BunuKullan).prefab
  artifactKey: Guid(f22b7e69d6e268d4ab5798b17b671431) Importer(815301076,1909f56bfc062723c751e8b465ee728b)
Start importing Assets/Müze/kronos-museum-fbx/Door(BunuKullan).prefab using Guid(f22b7e69d6e268d4ab5798b17b671431) Importer(815301076,1909f56bfc062723c751e8b465ee728b)  -> (artifact id: '8f62bd15aa185152c6b1331559e5d000') in 0.040037 seconds 
========================================================================
Received Import Request.
  Time since last request: 0.000061 seconds.
  path: Assets/Müze/kronos-museum-fbx/tablo3.fbx
  artifactKey: Guid(9fb797144ceb1594690381a0d4c48c5b) Importer(815301076,1909f56bfc062723c751e8b465ee728b)
Start importing Assets/Müze/kronos-museum-fbx/tablo3.fbx using Guid(9fb797144ceb1594690381a0d4c48c5b) Importer(815301076,1909f56bfc062723c751e8b465ee728b)  -> (artifact id: '056a13cd4330a352ebc363ff7f17bf82') in 0.067780 seconds 
========================================================================
Received Import Request.
  Time since last request: 0.000041 seconds.
  path: Assets/Müze/kronos-museum-fbx/security-cam.fbx
  artifactKey: Guid(03a74d37d1878bd41ae9483970fa6f0a) Importer(815301076,1909f56bfc062723c751e8b465ee728b)
Start importing Assets/Müze/kronos-museum-fbx/security-cam.fbx using Guid(03a74d37d1878bd41ae9483970fa6f0a) Importer(815301076,1909f56bfc062723c751e8b465ee728b)  -> (artifact id: 'b641946945863904abfefc99f19329e8') in 0.075498 seconds 
========================================================================
Received Import Request.
  Time since last request: 0.000032 seconds.
  path: Assets/Müze/kronos-museum-fbx/tablo1.fbx
  artifactKey: Guid(728bb76f5f6c30943b96f170f560e155) Importer(815301076,1909f56bfc062723c751e8b465ee728b)
Start importing Assets/Müze/kronos-museum-fbx/tablo1.fbx using Guid(728bb76f5f6c30943b96f170f560e155) Importer(815301076,1909f56bfc062723c751e8b465ee728b)  -> (artifact id: '748e29db8c230f0a8ed20cc1bee5c87d') in 0.042288 seconds 
========================================================================
Received Import Request.
  Time since last request: 0.000230 seconds.
  path: Assets/Müze/kronos-museum-fbx/item-stand7.fbx
  artifactKey: Guid(d43096b877dc287449a638a8decedbf8) Importer(815301076,1909f56bfc062723c751e8b465ee728b)
Start importing Assets/Müze/kronos-museum-fbx/item-stand7.fbx using Guid(d43096b877dc287449a638a8decedbf8) Importer(815301076,1909f56bfc062723c751e8b465ee728b)  -> (artifact id: '2228ce768baac8e5b5c2d49eaa83c0f9') in 0.032540 seconds 
========================================================================
Received Import Request.
  Time since last request: 0.000027 seconds.
  path: Assets/Müze/kronos-museum-fbx/item-stand3.fbx
  artifactKey: Guid(06e93545d1e7ef049b4757132935d6eb) Importer(815301076,1909f56bfc062723c751e8b465ee728b)
Start importing Assets/Müze/kronos-museum-fbx/item-stand3.fbx using Guid(06e93545d1e7ef049b4757132935d6eb) Importer(815301076,1909f56bfc062723c751e8b465ee728b)  -> (artifact id: '18ec9c65b06b3affbe05da23f66ea187') in 0.040192 seconds 
========================================================================
Received Import Request.
  Time since last request: 0.000028 seconds.
  path: Assets/Müze/kronos-museum-fbx/tablo11.fbx
  artifactKey: Guid(bbe10da43bcfbce448ff0dfc96bbc918) Importer(815301076,1909f56bfc062723c751e8b465ee728b)
Start importing Assets/Müze/kronos-museum-fbx/tablo11.fbx using Guid(bbe10da43bcfbce448ff0dfc96bbc918) Importer(815301076,1909f56bfc062723c751e8b465ee728b)  -> (artifact id: '72174610435d90d37d5526516ccd64af') in 0.051759 seconds 
========================================================================
Received Import Request.
  Time since last request: 0.000036 seconds.
  path: Assets/Müze/kronos-museum-fbx/lamba-3.fbx
  artifactKey: Guid(415e579acbb0a8347a183450b207f4fc) Importer(815301076,1909f56bfc062723c751e8b465ee728b)
Start importing Assets/Müze/kronos-museum-fbx/lamba-3.fbx using Guid(415e579acbb0a8347a183450b207f4fc) Importer(815301076,1909f56bfc062723c751e8b465ee728b)  -> (artifact id: '317c6ee85f58681e27e61a284fcc8789') in 0.033301 seconds 
========================================================================
Received Import Request.
  Time since last request: 0.000035 seconds.
  path: Assets/Müze/kronos-museum-fbx/tablo2.fbx
  artifactKey: Guid(d7d7a6dc7da932047a182b9564d1d93d) Importer(815301076,1909f56bfc062723c751e8b465ee728b)
Start importing Assets/Müze/kronos-museum-fbx/tablo2.fbx using Guid(d7d7a6dc7da932047a182b9564d1d93d) Importer(815301076,1909f56bfc062723c751e8b465ee728b)  -> (artifact id: '438d1b9befbc420efe36d9be29a98320') in 0.041473 seconds 
========================================================================
Received Import Request.
  Time since last request: 0.000047 seconds.
  path: Assets/Müze/kronos-museum-fbx/plant1.fbx
  artifactKey: Guid(2ca7436916962a64db59ace56b4ed6ac) Importer(815301076,1909f56bfc062723c751e8b465ee728b)
Start importing Assets/Müze/kronos-museum-fbx/plant1.fbx using Guid(2ca7436916962a64db59ace56b4ed6ac) Importer(815301076,1909f56bfc062723c751e8b465ee728b)  -> (artifact id: '606293e555d1aa0c1308dc84e7d5a79b') in 0.054201 seconds 
