Using pre-set license
Built from '2021.3/staging' branch; Version is '2021.3.22f1 (b6c551784ba3) revision 11978065'; Using compiler version '192829333'; Build Type 'Release'
OS: 'Windows 10  (10.0.19045) 64bit Professional' Language: 'tr' Physical Memory: 16272 MB
BatchMode: 1, IsHumanControllingUs: 0, StartBugReporterOnCrash: 0, Is64bit: 1, IsPro: 1

COMMAND LINE ARGUMENTS:
C:\Program Files\Unity 2021.3.22f1\Editor\Unity.exe
-adb2
-batchMode
-noUpm
-name
AssetImportWorker1
-projectPath
C:/Users/Zeynep/Documents/GitHub/OUA_Bootcamp_U-24/Assets
-logFile
Logs/AssetImportWorker1.log
-srvPort
57492
Successfully changed project path to: C:/Users/Zeynep/Documents/GitHub/OUA_Bootcamp_U-24/Assets
C:/Users/Zeynep/Documents/GitHub/OUA_Bootcamp_U-24/Assets
[UnityMemory] Configuration Parameters - Can be set up in boot.config
    "memorysetup-bucket-allocator-granularity=16"
    "memorysetup-bucket-allocator-bucket-count=8"
    "memorysetup-bucket-allocator-block-size=33554432"
    "memorysetup-bucket-allocator-block-count=8"
    "memorysetup-main-allocator-block-size=16777216"
    "memorysetup-thread-allocator-block-size=16777216"
    "memorysetup-gfx-main-allocator-block-size=16777216"
    "memorysetup-gfx-thread-allocator-block-size=16777216"
    "memorysetup-cache-allocator-block-size=4194304"
    "memorysetup-typetree-allocator-block-size=2097152"
    "memorysetup-profiler-bucket-allocator-granularity=16"
    "memorysetup-profiler-bucket-allocator-bucket-count=8"
    "memorysetup-profiler-bucket-allocator-block-size=33554432"
    "memorysetup-profiler-bucket-allocator-block-count=8"
    "memorysetup-profiler-allocator-block-size=16777216"
    "memorysetup-profiler-editor-allocator-block-size=1048576"
    "memorysetup-temp-allocator-size-main=16777216"
    "memorysetup-job-temp-allocator-block-size=2097152"
    "memorysetup-job-temp-allocator-block-size-background=1048576"
    "memorysetup-job-temp-allocator-reduction-small-platforms=262144"
    "memorysetup-temp-allocator-size-background-worker=32768"
    "memorysetup-temp-allocator-size-job-worker=262144"
    "memorysetup-temp-allocator-size-preload-manager=33554432"
    "memorysetup-temp-allocator-size-nav-mesh-worker=65536"
    "memorysetup-temp-allocator-size-audio-worker=65536"
    "memorysetup-temp-allocator-size-cloud-worker=32768"
    "memorysetup-temp-allocator-size-gi-baking-worker=262144"
    "memorysetup-temp-allocator-size-gfx=262144"
Player connection [28260] Host "[IP] 192.168.1.50 [Port] 0 [Flags] 2 [Guid] 3761592339 [EditorId] 3761592339 [Version] 1048832 [Id] WindowsEditor(7,DESKTOP-G04BPU3) [Debug] 1 [PackageName] WindowsEditor [ProjectName] Editor" joined multi-casting on [225.0.0.222:54997]...

Player connection [28260] Host "[IP] 192.168.1.50 [Port] 0 [Flags] 2 [Guid] 3761592339 [EditorId] 3761592339 [Version] 1048832 [Id] WindowsEditor(7,DESKTOP-G04BPU3) [Debug] 1 [PackageName] WindowsEditor [ProjectName] Editor" joined alternative multi-casting on [225.0.0.222:34997]...

Refreshing native plugins compatible for Editor in 100.16 ms, found 3 plugins.
Preloading 0 native plugins for Editor in 0.00 ms.
Initialize engine version: 2021.3.22f1 (b6c551784ba3)
[Subsystems] Discovering subsystems at path C:/Program Files/Unity 2021.3.22f1/Editor/Data/Resources/UnitySubsystems
[Subsystems] Discovering subsystems at path C:/Users/Zeynep/Documents/GitHub/OUA_Bootcamp_U-24/Assets/Assets
GfxDevice: creating device client; threaded=0; jobified=0
Direct3D:
    Version:  Direct3D 11.0 [level 11.1]
    Renderer: NVIDIA GeForce GTX 1050 Ti (ID=0x1c8c)
    Vendor:   NVIDIA
    VRAM:     4029 MB
    Driver:   23.21.13.8792
Initialize mono
Mono path[0] = 'C:/Program Files/Unity 2021.3.22f1/Editor/Data/Managed'
Mono path[1] = 'C:/Program Files/Unity 2021.3.22f1/Editor/Data/MonoBleedingEdge/lib/mono/unityjit-win32'
Mono config path = 'C:/Program Files/Unity 2021.3.22f1/Editor/Data/MonoBleedingEdge/etc'
Using monoOptions --debugger-agent=transport=dt_socket,embedding=1,server=y,suspend=n,address=127.0.0.1:56400
Begin MonoManager ReloadAssembly
Registering precompiled unity dll's ...
Register platform support module: C:/Program Files/Unity 2021.3.22f1/Editor/Data/PlaybackEngines/WindowsStandaloneSupport/UnityEditor.WindowsStandalone.Extensions.dll
Registered in 0.009301 seconds.
Native extension for WindowsStandalone target not found
Refreshing native plugins compatible for Editor in 93.56 ms, found 3 plugins.
Preloading 0 native plugins for Editor in 0.00 ms.
Mono: successfully reloaded assembly
- Completed reload, in  0.928 seconds
Domain Reload Profiling:
	ReloadAssembly (929ms)
		BeginReloadAssembly (132ms)
			ExecutionOrderSort (0ms)
			DisableScriptedObjects (0ms)
			BackupInstance (0ms)
			ReleaseScriptingObjects (0ms)
			CreateAndSetChildDomain (1ms)
		EndReloadAssembly (646ms)
			LoadAssemblies (128ms)
			RebuildTransferFunctionScriptingTraits (0ms)
			SetupTypeCache (170ms)
			ReleaseScriptCaches (0ms)
			RebuildScriptCaches (38ms)
			SetupLoadedEditorAssemblies (361ms)
				LogAssemblyErrors (0ms)
				InitializePlatformSupportModulesInManaged (11ms)
				SetLoadedEditorAssemblies (0ms)
				RefreshPlugins (94ms)
				BeforeProcessingInitializeOnLoad (2ms)
				ProcessInitializeOnLoadAttributes (182ms)
				ProcessInitializeOnLoadMethodAttributes (72ms)
				AfterProcessingInitializeOnLoad (0ms)
				EditorAssembliesLoaded (0ms)
			ExecutionOrderSort2 (0ms)
			AwakeInstancesAfterBackupRestoration (0ms)
Platform modules already initialized, skipping
Registering precompiled user dll's ...
Registered in 0.007447 seconds.
Begin MonoManager ReloadAssembly
Native extension for WindowsStandalone target not found
Refreshing native plugins compatible for Editor in 0.83 ms, found 3 plugins.
Preloading 0 native plugins for Editor in 0.00 ms.
Mono: successfully reloaded assembly
- Completed reload, in  1.319 seconds
Domain Reload Profiling:
	ReloadAssembly (1320ms)
		BeginReloadAssembly (184ms)
			ExecutionOrderSort (0ms)
			DisableScriptedObjects (7ms)
			BackupInstance (0ms)
			ReleaseScriptingObjects (0ms)
			CreateAndSetChildDomain (32ms)
		EndReloadAssembly (987ms)
			LoadAssemblies (125ms)
			RebuildTransferFunctionScriptingTraits (0ms)
			SetupTypeCache (322ms)
			ReleaseScriptCaches (1ms)
			RebuildScriptCaches (70ms)
			SetupLoadedEditorAssemblies (442ms)
				LogAssemblyErrors (0ms)
				InitializePlatformSupportModulesInManaged (6ms)
				SetLoadedEditorAssemblies (1ms)
				RefreshPlugins (1ms)
				BeforeProcessingInitializeOnLoad (107ms)
				ProcessInitializeOnLoadAttributes (289ms)
				ProcessInitializeOnLoadMethodAttributes (27ms)
				AfterProcessingInitializeOnLoad (10ms)
				EditorAssembliesLoaded (0ms)
			ExecutionOrderSort2 (0ms)
			AwakeInstancesAfterBackupRestoration (9ms)
Platform modules already initialized, skipping
========================================================================
Worker process is ready to serve import requests
Launched and connected shader compiler UnityShaderCompiler.exe after 0.09 seconds
Refreshing native plugins compatible for Editor in 0.61 ms, found 3 plugins.
Preloading 0 native plugins for Editor in 0.00 ms.
Unloading 2918 Unused Serialized files (Serialized files now loaded: 0)
Unloading 21 unused Assets / (56.0 KB). Loaded Objects now: 3381.
Memory consumption went from 102.8 MB to 102.8 MB.
Total: 7.316300 ms (FindLiveObjects: 0.655800 ms CreateObjectMapping: 0.495800 ms MarkObjects: 6.024700 ms  DeleteObjects: 0.137800 ms)

AssetImportParameters requested are different than current active one (requested -> active):
  custom:video-decoder-ogg-theora: a1e56fd34408186e4bbccfd4996cb3dc -> 
  custom:container-muxer-webm: aa71ff27fc2769a1b78a27578f13a17b -> 
  custom:container-demuxer-webm: 4f35f7cbe854078d1ac9338744f61a02 -> 
  custom:video-encoder-webm-vp8: eb34c28f22e8b96e1ab97ce403110664 -> 
  custom:video-codec-MediaFoundation-h265: 746d11721c4dcdbdad8f713fa42b33f4 -> 
  custom:audio-encoder-webm-vorbis: bf7c407c2cedff20999df2af8eb42d56 -> 
  custom:framework-win-MediaFoundation: 216162199b28c13a410421893ffa2e32 -> 
  custom:container-demuxer-ogg: 62fdf1f143b41e24485cea50d1cbac27 -> 
  custom:video-decoder-webm-vp8: 9c59270c3fd7afecdb556c50c9e8de78 -> 
  custom:audio-decoder-ogg-vorbis: bf7c407c2cedff20999df2af8eb42d56 -> 
========================================================================
Received Import Request.
  Time since last request: 52364.283754 seconds.
  path: Assets/kronos-stone-age-fbx-v1/bear-skin.fbx
  artifactKey: Guid(9665c172392b0844f876ddb325ae2db8) Importer(815301076,1909f56bfc062723c751e8b465ee728b)
Start importing Assets/kronos-stone-age-fbx-v1/bear-skin.fbx using Guid(9665c172392b0844f876ddb325ae2db8) Importer(815301076,1909f56bfc062723c751e8b465ee728b)  -> (artifact id: 'ebfa93b307920dccd0e19e8bba01772b') in 0.557604 seconds 
========================================================================
Received Import Request.
  Time since last request: 0.000037 seconds.
  path: Assets/kronos-stone-age-fbx-v1/dino-head.fbx
  artifactKey: Guid(2726d337678a03a44b605c48ec614192) Importer(815301076,1909f56bfc062723c751e8b465ee728b)
Start importing Assets/kronos-stone-age-fbx-v1/dino-head.fbx using Guid(2726d337678a03a44b605c48ec614192) Importer(815301076,1909f56bfc062723c751e8b465ee728b)  -> (artifact id: '5796582dc7cfc4ef750647db40bc3614') in 0.050438 seconds 
========================================================================
Received Import Request.
  Time since last request: 0.000036 seconds.
  path: Assets/kronos-stone-age-fbx-v1/bush-1.fbx
  artifactKey: Guid(cdba637aaece8df43b9d0178774e3534) Importer(815301076,1909f56bfc062723c751e8b465ee728b)
Start importing Assets/kronos-stone-age-fbx-v1/bush-1.fbx using Guid(cdba637aaece8df43b9d0178774e3534) Importer(815301076,1909f56bfc062723c751e8b465ee728b)  -> (artifact id: '86c88f35265a9e5e1404781b587b0338') in 0.076696 seconds 
========================================================================
Received Import Request.
  Time since last request: 0.000023 seconds.
  path: Assets/kronos-stone-age-fbx-v1/fil-disi.fbx
  artifactKey: Guid(f6ab0035a24c7474191fe079e0d02cda) Importer(815301076,1909f56bfc062723c751e8b465ee728b)
Start importing Assets/kronos-stone-age-fbx-v1/fil-disi.fbx using Guid(f6ab0035a24c7474191fe079e0d02cda) Importer(815301076,1909f56bfc062723c751e8b465ee728b)  -> (artifact id: 'efd76a9c55b6f808772d7f265b584f20') in 0.033280 seconds 
========================================================================
Received Import Request.
  Time since last request: 0.000025 seconds.
  path: Assets/kronos-stone-age-fbx-v1/ground-tile-2.fbx
  artifactKey: Guid(a2bee2cc58e268548b1c16b33c98e653) Importer(815301076,1909f56bfc062723c751e8b465ee728b)
Start importing Assets/kronos-stone-age-fbx-v1/ground-tile-2.fbx using Guid(a2bee2cc58e268548b1c16b33c98e653) Importer(815301076,1909f56bfc062723c751e8b465ee728b)  -> (artifact id: '65e34b2694dcf711fd9564831ac34c0b') in 0.040975 seconds 
========================================================================
Received Import Request.
  Time since last request: 0.000038 seconds.
  path: Assets/kronos-stone-age-fbx-v1/mountain1.fbx
  artifactKey: Guid(e3cb862b4f2b0ac44946fe55c62677c0) Importer(815301076,1909f56bfc062723c751e8b465ee728b)
Start importing Assets/kronos-stone-age-fbx-v1/mountain1.fbx using Guid(e3cb862b4f2b0ac44946fe55c62677c0) Importer(815301076,1909f56bfc062723c751e8b465ee728b)  -> (artifact id: 'f3e53a2cc1bd5aa070645c066dbe8cb3') in 0.149352 seconds 
========================================================================
Received Import Request.
  Time since last request: 0.000023 seconds.
  path: Assets/kronos-stone-age-fbx-v1/stone-for-cave1.fbx
  artifactKey: Guid(77bfc4427fb8a2f45a0d63cc5dc13c8e) Importer(815301076,1909f56bfc062723c751e8b465ee728b)
Start importing Assets/kronos-stone-age-fbx-v1/stone-for-cave1.fbx using Guid(77bfc4427fb8a2f45a0d63cc5dc13c8e) Importer(815301076,1909f56bfc062723c751e8b465ee728b)  -> (artifact id: 'a228dd5dd63903b4db5ac802447eacfa') in 0.030301 seconds 
========================================================================
Received Import Request.
  Time since last request: 0.000107 seconds.
  path: Assets/kronos-stone-age-fbx-v1/stone-for-cave2.fbx
  artifactKey: Guid(f02bfecd94561664892dc423c3b7e7db) Importer(815301076,1909f56bfc062723c751e8b465ee728b)
Start importing Assets/kronos-stone-age-fbx-v1/stone-for-cave2.fbx using Guid(f02bfecd94561664892dc423c3b7e7db) Importer(815301076,1909f56bfc062723c751e8b465ee728b)  -> (artifact id: 'ca72aa0c54404488a0b980ff62d4a42d') in 0.025133 seconds 
========================================================================
Received Import Request.
  Time since last request: 0.000219 seconds.
  path: Assets/kronos-stone-age-fbx-v1/stone-ground-rock1.fbx
  artifactKey: Guid(bc9da100214c30d4a91bca309e118a86) Importer(815301076,1909f56bfc062723c751e8b465ee728b)
Start importing Assets/kronos-stone-age-fbx-v1/stone-ground-rock1.fbx using Guid(bc9da100214c30d4a91bca309e118a86) Importer(815301076,1909f56bfc062723c751e8b465ee728b)  -> (artifact id: '6cd29f5b2746378623b9c482a962b50a') in 0.052363 seconds 
========================================================================
Received Import Request.
  Time since last request: 0.000044 seconds.
  path: Assets/kronos-stone-age-fbx-v1/tree-1.fbx
  artifactKey: Guid(38a44f98f64ae04418b8c53a701612a1) Importer(815301076,1909f56bfc062723c751e8b465ee728b)
Start importing Assets/kronos-stone-age-fbx-v1/tree-1.fbx using Guid(38a44f98f64ae04418b8c53a701612a1) Importer(815301076,1909f56bfc062723c751e8b465ee728b)  -> (artifact id: '7f3db8d8b47e21a21dac166c05ccae9d') in 0.039654 seconds 
========================================================================
Received Import Request.
  Time since last request: 0.000027 seconds.
  path: Assets/kronos-stone-age-fbx-v1/cow.fbx
  artifactKey: Guid(c38bdcd43ae2f8b4694901be0ae204c9) Importer(815301076,1909f56bfc062723c751e8b465ee728b)
Start importing Assets/kronos-stone-age-fbx-v1/cow.fbx using Guid(c38bdcd43ae2f8b4694901be0ae204c9) Importer(815301076,1909f56bfc062723c751e8b465ee728b)  -> (artifact id: '2e217df4ec111101166b051c70b61e2d') in 0.041936 seconds 
========================================================================
Received Import Request.
  Time since last request: 0.000047 seconds.
  path: Assets/kronos-stone-age-fbx-v1/skeleton.fbx
  artifactKey: Guid(373062a748df1294cbc0611ee871ff65) Importer(815301076,1909f56bfc062723c751e8b465ee728b)
Start importing Assets/kronos-stone-age-fbx-v1/skeleton.fbx using Guid(373062a748df1294cbc0611ee871ff65) Importer(815301076,1909f56bfc062723c751e8b465ee728b)  -> (artifact id: '2415fae35aff2898db5c280d42d8b7fb') in 0.036842 seconds 
========================================================================
Received Import Request.
  Time since last request: 0.000040 seconds.
  path: Assets/kronos-stone-age-fbx-v1/stonehenge-2.fbx
  artifactKey: Guid(ca503c07bfd5bfb44af436708947cecb) Importer(815301076,1909f56bfc062723c751e8b465ee728b)
Start importing Assets/kronos-stone-age-fbx-v1/stonehenge-2.fbx using Guid(ca503c07bfd5bfb44af436708947cecb) Importer(815301076,1909f56bfc062723c751e8b465ee728b)  -> (artifact id: '61245d05b9a61439fab78258b7d16bd7') in 0.037376 seconds 
========================================================================
Received Import Request.
  Time since last request: 0.000044 seconds.
  path: Assets/kronos-stone-age-fbx-v1/stone-wheel.fbx
  artifactKey: Guid(282a2b7419bb1c64d8ed485b01a62804) Importer(815301076,1909f56bfc062723c751e8b465ee728b)
Start importing Assets/kronos-stone-age-fbx-v1/stone-wheel.fbx using Guid(282a2b7419bb1c64d8ed485b01a62804) Importer(815301076,1909f56bfc062723c751e8b465ee728b)  -> (artifact id: '553b4b9a5d4ecbf7995a0f57ba2dde80') in 0.030067 seconds 
========================================================================
Received Import Request.
  Time since last request: 0.000027 seconds.
  path: Assets/kronos-stone-age-fbx-v1/lotus.fbx
  artifactKey: Guid(261c8d22716b23646bfb1c39c85d186b) Importer(815301076,1909f56bfc062723c751e8b465ee728b)
Start importing Assets/kronos-stone-age-fbx-v1/lotus.fbx using Guid(261c8d22716b23646bfb1c39c85d186b) Importer(815301076,1909f56bfc062723c751e8b465ee728b)  -> (artifact id: '6fb4f265139fb3004a75857571c6ff71') in 0.037152 seconds 
========================================================================
Received Import Request.
  Time since last request: 0.000028 seconds.
  path: Assets/kronos-stone-age-fbx-v1/stone-ground-rock4.fbx
  artifactKey: Guid(0e37230c4871eba429e7d611d1e3c92b) Importer(815301076,1909f56bfc062723c751e8b465ee728b)
Start importing Assets/kronos-stone-age-fbx-v1/stone-ground-rock4.fbx using Guid(0e37230c4871eba429e7d611d1e3c92b) Importer(815301076,1909f56bfc062723c751e8b465ee728b)  -> (artifact id: '6c8fcbeea7df93cbe42ead6e733e9915') in 0.077828 seconds 
========================================================================
Received Import Request.
  Time since last request: 0.000041 seconds.
  path: Assets/kronos-stone-age-fbx-v1/stone-tile-2.fbx
  artifactKey: Guid(6117efc869997a342bc5a3474b2ee264) Importer(815301076,1909f56bfc062723c751e8b465ee728b)
Start importing Assets/kronos-stone-age-fbx-v1/stone-tile-2.fbx using Guid(6117efc869997a342bc5a3474b2ee264) Importer(815301076,1909f56bfc062723c751e8b465ee728b)  -> (artifact id: 'cb686069be98fe8225e78148058374a7') in 0.030595 seconds 
========================================================================
Received Import Request.
  Time since last request: 0.000068 seconds.
  path: Assets/kronos-stone-age-fbx-v1/stone-tile-1.fbx
  artifactKey: Guid(229cc5e807f81e843b9d93e3cf01fb43) Importer(815301076,1909f56bfc062723c751e8b465ee728b)
Start importing Assets/kronos-stone-age-fbx-v1/stone-tile-1.fbx using Guid(229cc5e807f81e843b9d93e3cf01fb43) Importer(815301076,1909f56bfc062723c751e8b465ee728b)  -> (artifact id: 'e47c6e03d3ec5a61197cd609f31abfaa') in 0.065426 seconds 
========================================================================
Received Import Request.
  Time since last request: 0.000159 seconds.
  path: Assets/kronos-stone-age-fbx-v1/tree-2.fbx
  artifactKey: Guid(6a9e3760d1d756945997cc630ebe4deb) Importer(815301076,1909f56bfc062723c751e8b465ee728b)
Start importing Assets/kronos-stone-age-fbx-v1/tree-2.fbx using Guid(6a9e3760d1d756945997cc630ebe4deb) Importer(815301076,1909f56bfc062723c751e8b465ee728b)  -> (artifact id: '8de5c79a3a55beb6784e8abc3610b5e2') in 0.044718 seconds 
========================================================================
Received Import Request.
  Time since last request: 0.000020 seconds.
  path: Assets/kronos-stone-age-fbx-v1
  artifactKey: Guid(a715139718eb58341929ba1f79b38929) Importer(815301076,1909f56bfc062723c751e8b465ee728b)
Start importing Assets/kronos-stone-age-fbx-v1 using Guid(a715139718eb58341929ba1f79b38929) Importer(815301076,1909f56bfc062723c751e8b465ee728b)  -> (artifact id: 'd3f71670f992b961e0ce1cec32f90232') in 0.007444 seconds 
========================================================================
Received Import Request.
  Time since last request: 0.000053 seconds.
  path: Assets/kronos-stone-age-fbx-v1/wood-for-campfire.fbx
  artifactKey: Guid(91ef1c8700ee6ee468577f7ac58fbed3) Importer(815301076,1909f56bfc062723c751e8b465ee728b)
Start importing Assets/kronos-stone-age-fbx-v1/wood-for-campfire.fbx using Guid(91ef1c8700ee6ee468577f7ac58fbed3) Importer(815301076,1909f56bfc062723c751e8b465ee728b)  -> (artifact id: '2d28c5baa0505e2cf650fd788d3e721e') in 0.047525 seconds 
========================================================================
Received Import Request.
  Time since last request: 0.000045 seconds.
  path: Assets/kronos-stone-age-fbx-v1/bone1.fbx
  artifactKey: Guid(c07028018337a894e89f4da3733eab39) Importer(815301076,1909f56bfc062723c751e8b465ee728b)
Start importing Assets/kronos-stone-age-fbx-v1/bone1.fbx using Guid(c07028018337a894e89f4da3733eab39) Importer(815301076,1909f56bfc062723c751e8b465ee728b)  -> (artifact id: 'ed3fd18f0d9547e26cfda7bd5aceee5d') in 0.138075 seconds 
========================================================================
Received Import Request.
  Time since last request: 0.000057 seconds.
  path: Assets/kronos-stone-age-fbx-v1/skull.fbx
  artifactKey: Guid(b397f821c5136164e84634cb96881539) Importer(815301076,1909f56bfc062723c751e8b465ee728b)
Start importing Assets/kronos-stone-age-fbx-v1/skull.fbx using Guid(b397f821c5136164e84634cb96881539) Importer(815301076,1909f56bfc062723c751e8b465ee728b)  -> (artifact id: '5a736cc88bf92096e66bb279bd66412a') in 0.030511 seconds 
========================================================================
Received Import Request.
  Time since last request: 0.581479 seconds.
  path: Assets/Müze/kronos-museum-fbx/bench.fbx
  artifactKey: Guid(63bcedb9862537b4d83bb880046a3496) Importer(815301076,1909f56bfc062723c751e8b465ee728b)
Start importing Assets/Müze/kronos-museum-fbx/bench.fbx using Guid(63bcedb9862537b4d83bb880046a3496) Importer(815301076,1909f56bfc062723c751e8b465ee728b)  -> (artifact id: '18d45cfc3491c035b9fa0b30b51db2d7') in 0.026644 seconds 
========================================================================
Received Import Request.
  Time since last request: 0.000037 seconds.
  path: Assets/Müze/kronos-museum-fbx/museum-ground.fbx
  artifactKey: Guid(4702002dd88cfa64889980b801b401bc) Importer(815301076,1909f56bfc062723c751e8b465ee728b)
Start importing Assets/Müze/kronos-museum-fbx/museum-ground.fbx using Guid(4702002dd88cfa64889980b801b401bc) Importer(815301076,1909f56bfc062723c751e8b465ee728b)  -> (artifact id: '37c01af3c50b1b341fcd55249e173985') in 0.053622 seconds 
========================================================================
Received Import Request.
  Time since last request: 0.000038 seconds.
  path: Assets/Müze/kronos-museum-fbx/tablo6.fbx
  artifactKey: Guid(9616240cdd057674f80f7fe55f50697e) Importer(815301076,1909f56bfc062723c751e8b465ee728b)
Start importing Assets/Müze/kronos-museum-fbx/tablo6.fbx using Guid(9616240cdd057674f80f7fe55f50697e) Importer(815301076,1909f56bfc062723c751e8b465ee728b)  -> (artifact id: '36de1330e918e91aff4d199a20ccb8a5') in 0.052273 seconds 
========================================================================
Received Import Request.
  Time since last request: 0.000018 seconds.
  path: Assets/Müze/kronos-museum-fbx/item-stand2.fbx
  artifactKey: Guid(ac49a7d3020e59242b306ab3f07fa60b) Importer(815301076,1909f56bfc062723c751e8b465ee728b)
Start importing Assets/Müze/kronos-museum-fbx/item-stand2.fbx using Guid(ac49a7d3020e59242b306ab3f07fa60b) Importer(815301076,1909f56bfc062723c751e8b465ee728b)  -> (artifact id: 'a194d7b39f6a0b3bb6882eac08f30814') in 0.042053 seconds 
========================================================================
Received Import Request.
  Time since last request: 0.000044 seconds.
  path: Assets/Müze/kronos-museum-fbx/column.fbx
  artifactKey: Guid(cc219eafd845dcf418da3f43c703c848) Importer(815301076,1909f56bfc062723c751e8b465ee728b)
Start importing Assets/Müze/kronos-museum-fbx/column.fbx using Guid(cc219eafd845dcf418da3f43c703c848) Importer(815301076,1909f56bfc062723c751e8b465ee728b)  -> (artifact id: 'c2a5e7fe5e0a57123a79c1a260a7dc51') in 0.036723 seconds 
========================================================================
Received Import Request.
  Time since last request: 0.000038 seconds.
  path: Assets/Müze/kronos-museum-fbx/item-stand6.fbx
  artifactKey: Guid(5674d01b4c7acac47bece51eaff2e366) Importer(815301076,1909f56bfc062723c751e8b465ee728b)
Start importing Assets/Müze/kronos-museum-fbx/item-stand6.fbx using Guid(5674d01b4c7acac47bece51eaff2e366) Importer(815301076,1909f56bfc062723c751e8b465ee728b)  -> (artifact id: '4768e50e213900cd458c939bce5f0976') in 0.056562 seconds 
========================================================================
Received Import Request.
  Time since last request: 0.000070 seconds.
  path: Assets/Müze/kronos-museum-fbx/tablo4.fbx
  artifactKey: Guid(806e9e098216ce1479f6b64a25b5e425) Importer(815301076,1909f56bfc062723c751e8b465ee728b)
Start importing Assets/Müze/kronos-museum-fbx/tablo4.fbx using Guid(806e9e098216ce1479f6b64a25b5e425) Importer(815301076,1909f56bfc062723c751e8b465ee728b)  -> (artifact id: 'bd8ac0132dbe9b40126ed90b8caf7e6a') in 0.049143 seconds 
========================================================================
Received Import Request.
  Time since last request: 0.000043 seconds.
  path: Assets/Müze/kronos-museum-fbx/lamba-4.fbx
  artifactKey: Guid(abe8f42fc2507ef4cb6c9ea082d25395) Importer(815301076,1909f56bfc062723c751e8b465ee728b)
Start importing Assets/Müze/kronos-museum-fbx/lamba-4.fbx using Guid(abe8f42fc2507ef4cb6c9ea082d25395) Importer(815301076,1909f56bfc062723c751e8b465ee728b)  -> (artifact id: 'baf7bd3d9ea5fd7e79e0d70e2bdb5303') in 0.042285 seconds 
========================================================================
Received Import Request.
  Time since last request: 0.000039 seconds.
  path: Assets/Müze/kronos-museum-fbx/museum-rock.fbx
  artifactKey: Guid(9d6184b488a45a34b81672dd8049137a) Importer(815301076,1909f56bfc062723c751e8b465ee728b)
Start importing Assets/Müze/kronos-museum-fbx/museum-rock.fbx using Guid(9d6184b488a45a34b81672dd8049137a) Importer(815301076,1909f56bfc062723c751e8b465ee728b)  -> (artifact id: '2f3aca2fc9a875a7eebf47c632edf38b') in 0.036678 seconds 
========================================================================
Received Import Request.
  Time since last request: 0.000019 seconds.
  path: Assets/Müze/kronos-museum-fbx/lamba-1.fbx
  artifactKey: Guid(2bddffc99ce2d6e489d6ca9944fa86d5) Importer(815301076,1909f56bfc062723c751e8b465ee728b)
Start importing Assets/Müze/kronos-museum-fbx/lamba-1.fbx using Guid(2bddffc99ce2d6e489d6ca9944fa86d5) Importer(815301076,1909f56bfc062723c751e8b465ee728b)  -> (artifact id: '910ab145a8887593429736ce28b77758') in 0.037683 seconds 
========================================================================
Received Import Request.
  Time since last request: 0.000034 seconds.
  path: Assets/Müze/kronos-museum-fbx/pano.fbx
  artifactKey: Guid(815ab2ac8b41f9944b39546d14020a1a) Importer(815301076,1909f56bfc062723c751e8b465ee728b)
Start importing Assets/Müze/kronos-museum-fbx/pano.fbx using Guid(815ab2ac8b41f9944b39546d14020a1a) Importer(815301076,1909f56bfc062723c751e8b465ee728b)  -> (artifact id: '894595ce1a687ba72c5608172831569a') in 0.034322 seconds 
========================================================================
Received Import Request.
  Time since last request: 0.000032 seconds.
  path: Assets/Müze/kronos-museum-fbx/rock-painting.png
  artifactKey: Guid(ff54557bc24acdb418084943ae98277f) Importer(815301076,1909f56bfc062723c751e8b465ee728b)
Start importing Assets/Müze/kronos-museum-fbx/rock-painting.png using Guid(ff54557bc24acdb418084943ae98277f) Importer(815301076,1909f56bfc062723c751e8b465ee728b)  -> (artifact id: 'a31c71e5250531b6ef39df9f4492b635') in 0.305058 seconds 
========================================================================
Received Import Request.
  Time since last request: 0.000054 seconds.
  path: Assets/Müze/kronos-museum-fbx/column-for-paintings.fbx
  artifactKey: Guid(d368bef1bc4daa2498a6d3ec4e626f61) Importer(815301076,1909f56bfc062723c751e8b465ee728b)
Start importing Assets/Müze/kronos-museum-fbx/column-for-paintings.fbx using Guid(d368bef1bc4daa2498a6d3ec4e626f61) Importer(815301076,1909f56bfc062723c751e8b465ee728b)  -> (artifact id: 'e05d4b53a51aea83594a6e15b8647522') in 0.206570 seconds 
========================================================================
Received Import Request.
  Time since last request: 0.000035 seconds.
  path: Assets/Müze/kronos-museum-fbx/tablo8.fbx
  artifactKey: Guid(349b24894486b74459ba812464e8015d) Importer(815301076,1909f56bfc062723c751e8b465ee728b)
Start importing Assets/Müze/kronos-museum-fbx/tablo8.fbx using Guid(349b24894486b74459ba812464e8015d) Importer(815301076,1909f56bfc062723c751e8b465ee728b)  -> (artifact id: '11bb491416b0cc36aae016a19fc37edd') in 0.044443 seconds 
========================================================================
Received Import Request.
  Time since last request: 0.000028 seconds.
  path: Assets/Müze/kronos-museum-fbx/tablo67.fbx
  artifactKey: Guid(c51c86573e5744246bd0bbf95025acfa) Importer(815301076,1909f56bfc062723c751e8b465ee728b)
Start importing Assets/Müze/kronos-museum-fbx/tablo67.fbx using Guid(c51c86573e5744246bd0bbf95025acfa) Importer(815301076,1909f56bfc062723c751e8b465ee728b)  -> (artifact id: '69d5299c71f258c92335b70e2f41931b') in 0.051472 seconds 
========================================================================
Received Import Request.
  Time since last request: 0.000081 seconds.
  path: Assets/Müze/kronos-museum-fbx/info-stand.fbx
  artifactKey: Guid(3578e5ccfb6ae3e488e2c79c2bd1ae82) Importer(815301076,1909f56bfc062723c751e8b465ee728b)
Start importing Assets/Müze/kronos-museum-fbx/info-stand.fbx using Guid(3578e5ccfb6ae3e488e2c79c2bd1ae82) Importer(815301076,1909f56bfc062723c751e8b465ee728b)  -> (artifact id: '76f53c7d880171f6401e3275bfed71cc') in 0.043945 seconds 
========================================================================
Received Import Request.
  Time since last request: 0.000056 seconds.
  path: Assets/Müze/kronos-museum-fbx/tablo9.fbx
  artifactKey: Guid(4a00aeb6e5f870845b0c84082b3d0b81) Importer(815301076,1909f56bfc062723c751e8b465ee728b)
Start importing Assets/Müze/kronos-museum-fbx/tablo9.fbx using Guid(4a00aeb6e5f870845b0c84082b3d0b81) Importer(815301076,1909f56bfc062723c751e8b465ee728b)  -> (artifact id: 'e582cd7e1362973c16cd3eceba2af44b') in 0.051493 seconds 
